<?xml version="1.0" encoding="UTF-8"?>
<testng-results skipped="0" failed="0" ignored="0" total="1" passed="1">
  <reporter-output>
  </reporter-output>
  <suite name="Default suite" duration-ms="35" started-at="2019-11-28T17:19:56 IST" finished-at="2019-11-28T17:19:56 IST">
    <groups>
    </groups>
    <test name="Default test" duration-ms="35" started-at="2019-11-28T17:19:56 IST" finished-at="2019-11-28T17:19:56 IST">
      <class name="Test.Array.OccurringOddNumberOfTimes">
        <test-method status="PASS" signature="FindNumbersOccurringOddNumberOfTimes()[pri:0, instance:Test.Array.OccurringOddNumberOfTimes@66480dd7]" name="FindNumbersOccurringOddNumberOfTimes" duration-ms="7" started-at="2019-11-28T17:19:56 IST" finished-at="2019-11-28T17:19:56 IST">
          <reporter-output>
          </reporter-output>
        </test-method> <!-- FindNumbersOccurringOddNumberOfTimes -->
      </class> <!-- Test.Array.OccurringOddNumberOfTimes -->
    </test> <!-- Default test -->
  </suite> <!-- Default suite -->
</testng-results>
